This file contains any messages produced by compilers while
running configure, to aid debugging if configure makes a mistake.

It was created by configure, which was
generated by GNU Autoconf 2.59.  Invocation command line was

  $ ./configure --prefix=/usr/local/libevent-1.2

## --------- ##
## Platform. ##
## --------- ##

hostname = wangchengyundeMacBook-Pro.local
uname -m = x86_64
uname -r = 17.7.0
uname -s = Darwin
uname -v = Darwin Kernel Version 17.7.0: Thu Jun 21 22:53:14 PDT 2018; root:xnu-4570.71.2~1/RELEASE_X86_64

/usr/bin/uname -p = i386
/bin/uname -X     = unknown

/bin/arch              = unknown
/usr/bin/arch -k       = unknown
/usr/convex/getsysinfo = unknown
hostinfo               = Mach kernel version:
	 Darwin Kernel Version 17.7.0: Thu Jun 21 22:53:14 PDT 2018; root:xnu-4570.71.2~1/RELEASE_X86_64
Kernel configured for up to 8 processors.
4 processors are physically available.
8 processors are logically available.
Processor type: x86_64h (Intel x86-64h Haswell)
Processors active: 0 1 2 3 4 5 6 7
Primary memory available: 16.00 gigabytes
Default processor set: 410 tasks, 1877 threads, 8 processors
Load average: 1.34, Mach factor: 6.64
/bin/machine           = unknown
/usr/bin/oslevel       = unknown
/bin/universe          = unknown

PATH: /usr/local/Cellar/php/7.2.7/bin
PATH: /usr/local/bin
PATH: /usr/bin
PATH: /bin
PATH: /usr/sbin
PATH: /sbin
PATH: /Users/wangchengyun/work/scala-2.11.2/bin
PATH: /Users/wangchengyun/work/spark-2.1.1-bin-hadoop2.7/bin


## ----------- ##
## Core tests. ##
## ----------- ##

configure:1539: checking for a BSD-compatible install
configure:1594: result: /usr/bin/install -c
configure:1605: checking whether build environment is sane
configure:1648: result: yes
configure:1705: checking for gawk
configure:1734: result: no
configure:1705: checking for mawk
configure:1734: result: no
configure:1705: checking for nawk
configure:1734: result: no
configure:1705: checking for awk
configure:1721: found /usr/bin/awk
configure:1731: result: awk
configure:1741: checking whether make sets $(MAKE)
configure:1761: result: yes
configure:1927: checking whether to enable maintainer-specific portions of Makefiles
configure:1936: result: no
configure:2002: checking for gcc
configure:2018: found /usr/bin/gcc
configure:2028: result: gcc
configure:2272: checking for C compiler version
configure:2275: gcc --version </dev/null >&5
Configured with: --prefix=/Applications/Xcode.app/Contents/Developer/usr --with-gxx-include-dir=/usr/include/c++/4.2.1
Apple LLVM version 10.0.0 (clang-1000.11.45.5)
Target: x86_64-apple-darwin17.7.0
Thread model: posix
InstalledDir: /Applications/Xcode.app/Contents/Developer/Toolchains/XcodeDefault.xctoolchain/usr/bin
configure:2278: $? = 0
configure:2280: gcc -v </dev/null >&5
Configured with: --prefix=/Applications/Xcode.app/Contents/Developer/usr --with-gxx-include-dir=/usr/include/c++/4.2.1
Apple LLVM version 10.0.0 (clang-1000.11.45.5)
Target: x86_64-apple-darwin17.7.0
Thread model: posix
InstalledDir: /Applications/Xcode.app/Contents/Developer/Toolchains/XcodeDefault.xctoolchain/usr/bin
configure:2283: $? = 0
configure:2285: gcc -V </dev/null >&5
clang: error: argument to '-V' is missing (expected 1 value)
clang: error: no input files
configure:2288: $? = 1
configure:2311: checking for C compiler default output file name
configure:2314: gcc    conftest.c  >&5
configure:2317: $? = 0
configure:2363: result: a.out
configure:2368: checking whether the C compiler works
configure:2374: ./a.out
configure:2377: $? = 0
configure:2394: result: yes
configure:2401: checking whether we are cross compiling
configure:2403: result: no
configure:2406: checking for suffix of executables
configure:2408: gcc -o conftest    conftest.c  >&5
configure:2411: $? = 0
configure:2436: result: 
configure:2442: checking for suffix of object files
configure:2463: gcc -c   conftest.c >&5
configure:2466: $? = 0
configure:2488: result: o
configure:2492: checking whether we are using the GNU C compiler
configure:2516: gcc -c   conftest.c >&5
configure:2522: $? = 0
configure:2526: test -z 
			 || test ! -s conftest.err
configure:2529: $? = 0
configure:2532: test -s conftest.o
configure:2535: $? = 0
configure:2548: result: yes
configure:2554: checking whether gcc accepts -g
configure:2575: gcc -c -g  conftest.c >&5
configure:2581: $? = 0
configure:2585: test -z 
			 || test ! -s conftest.err
configure:2588: $? = 0
configure:2591: test -s conftest.o
configure:2594: $? = 0
configure:2605: result: yes
configure:2622: checking for gcc option to accept ANSI C
configure:2692: gcc  -c -g -O2  conftest.c >&5
configure:2698: $? = 0
configure:2702: test -z 
			 || test ! -s conftest.err
configure:2705: $? = 0
configure:2708: test -s conftest.o
configure:2711: $? = 0
configure:2729: result: none needed
configure:2747: gcc -c -g -O2  conftest.c >&5
conftest.c:2:3: error: unknown type name 'choke'
  choke me
  ^
conftest.c:2:11: error: expected ';' after top level declarator
  choke me
          ^
          ;
2 errors generated.
configure:2753: $? = 1
configure: failed program was:
| #ifndef __cplusplus
|   choke me
| #endif
configure:2897: checking for style of include used by make
configure:2925: result: GNU
configure:2953: checking dependency style of gcc
configure:3043: result: none
configure:3073: checking for a BSD-compatible install
configure:3128: result: /usr/bin/install -c
configure:3139: checking whether ln -s works
configure:3143: result: yes
configure:3157: checking how to run the C preprocessor
configure:3192: gcc -E  conftest.c
configure:3198: $? = 0
configure:3230: gcc -E  conftest.c
conftest.c:11:10: fatal error: 'ac_nonexistent.h' file not found
#include <ac_nonexistent.h>
         ^~~~~~~~~~~~~~~~~~
1 error generated.
configure:3236: $? = 1
configure: failed program was:
| /* confdefs.h.  */
| 
| #define PACKAGE_NAME ""
| #define PACKAGE_TARNAME ""
| #define PACKAGE_VERSION ""
| #define PACKAGE_STRING ""
| #define PACKAGE_BUGREPORT ""
| #define PACKAGE "libevent"
| #define VERSION "1.2"
| /* end confdefs.h.  */
| #include <ac_nonexistent.h>
configure:3275: result: gcc -E
configure:3299: gcc -E  conftest.c
configure:3305: $? = 0
configure:3337: gcc -E  conftest.c
conftest.c:11:10: fatal error: 'ac_nonexistent.h' file not found
#include <ac_nonexistent.h>
         ^~~~~~~~~~~~~~~~~~
1 error generated.
configure:3343: $? = 1
configure: failed program was:
| /* confdefs.h.  */
| 
| #define PACKAGE_NAME ""
| #define PACKAGE_TARNAME ""
| #define PACKAGE_VERSION ""
| #define PACKAGE_STRING ""
| #define PACKAGE_BUGREPORT ""
| #define PACKAGE "libevent"
| #define VERSION "1.2"
| /* end confdefs.h.  */
| #include <ac_nonexistent.h>
configure:3387: checking for egrep
configure:3397: result: grep -E
configure:3403: checking whether gcc needs -traditional
conftest.c:11:10: fatal error: 'termio.h' file not found
#include <termio.h>
         ^~~~~~~~~~
1 error generated.
configure:3445: result: no
configure:3534: checking build system type
configure:3552: result: i686-apple-darwin17.7.0
configure:3560: checking host system type
configure:3574: result: i686-apple-darwin17.7.0
configure:3582: checking for a sed that does not truncate output
configure:3636: result: /usr/bin/sed
configure:3650: checking for ld used by gcc
configure:3717: result: /Applications/Xcode.app/Contents/Developer/Toolchains/XcodeDefault.xctoolchain/usr/bin/ld
configure:3726: checking if the linker (/Applications/Xcode.app/Contents/Developer/Toolchains/XcodeDefault.xctoolchain/usr/bin/ld) is GNU ld
configure:3741: result: no
configure:3746: checking for /Applications/Xcode.app/Contents/Developer/Toolchains/XcodeDefault.xctoolchain/usr/bin/ld option to reload object files
configure:3753: result: -r
configure:3771: checking for BSD-compatible nm
configure:3813: result: /usr/bin/nm -B
configure:3817: checking how to recognise dependent libraries
configure:3989: result: pass_all
configure:4197: checking for ANSI C header files
configure:4222: gcc -c -g -O2 -Wall  conftest.c >&5
configure:4228: $? = 0
configure:4232: test -z 
			 || test ! -s conftest.err
configure:4235: $? = 0
configure:4238: test -s conftest.o
configure:4241: $? = 0
configure:4330: gcc -o conftest -g -O2 -Wall   conftest.c  >&5
conftest.c:28:7: warning: implicitly declaring library function 'exit' with type 'void (int) __attribute__((noreturn))' [-Wimplicit-function-declaration]
      exit(2);
      ^
conftest.c:28:7: note: include the header <stdlib.h> or explicitly provide a declaration for 'exit'
1 warning generated.
configure:4333: $? = 0
configure:4335: ./conftest
configure:4338: $? = 0
configure:4353: result: yes
configure:4377: checking for sys/types.h
configure:4393: gcc -c -g -O2 -Wall  conftest.c >&5
configure:4399: $? = 0
configure:4403: test -z 
			 || test ! -s conftest.err
configure:4406: $? = 0
configure:4409: test -s conftest.o
configure:4412: $? = 0
configure:4423: result: yes
configure:4377: checking for sys/stat.h
configure:4393: gcc -c -g -O2 -Wall  conftest.c >&5
configure:4399: $? = 0
configure:4403: test -z 
			 || test ! -s conftest.err
configure:4406: $? = 0
configure:4409: test -s conftest.o
configure:4412: $? = 0
configure:4423: result: yes
configure:4377: checking for stdlib.h
configure:4393: gcc -c -g -O2 -Wall  conftest.c >&5
configure:4399: $? = 0
configure:4403: test -z 
			 || test ! -s conftest.err
configure:4406: $? = 0
configure:4409: test -s conftest.o
configure:4412: $? = 0
configure:4423: result: yes
configure:4377: checking for string.h
configure:4393: gcc -c -g -O2 -Wall  conftest.c >&5
configure:4399: $? = 0
configure:4403: test -z 
			 || test ! -s conftest.err
configure:4406: $? = 0
configure:4409: test -s conftest.o
configure:4412: $? = 0
configure:4423: result: yes
configure:4377: checking for memory.h
configure:4393: gcc -c -g -O2 -Wall  conftest.c >&5
configure:4399: $? = 0
configure:4403: test -z 
			 || test ! -s conftest.err
configure:4406: $? = 0
configure:4409: test -s conftest.o
configure:4412: $? = 0
configure:4423: result: yes
configure:4377: checking for strings.h
configure:4393: gcc -c -g -O2 -Wall  conftest.c >&5
configure:4399: $? = 0
configure:4403: test -z 
			 || test ! -s conftest.err
configure:4406: $? = 0
configure:4409: test -s conftest.o
configure:4412: $? = 0
configure:4423: result: yes
configure:4377: checking for inttypes.h
configure:4393: gcc -c -g -O2 -Wall  conftest.c >&5
configure:4399: $? = 0
configure:4403: test -z 
			 || test ! -s conftest.err
configure:4406: $? = 0
configure:4409: test -s conftest.o
configure:4412: $? = 0
configure:4423: result: yes
configure:4377: checking for stdint.h
configure:4393: gcc -c -g -O2 -Wall  conftest.c >&5
configure:4399: $? = 0
configure:4403: test -z 
			 || test ! -s conftest.err
configure:4406: $? = 0
configure:4409: test -s conftest.o
configure:4412: $? = 0
configure:4423: result: yes
configure:4377: checking for unistd.h
configure:4393: gcc -c -g -O2 -Wall  conftest.c >&5
configure:4399: $? = 0
configure:4403: test -z 
			 || test ! -s conftest.err
configure:4406: $? = 0
configure:4409: test -s conftest.o
configure:4412: $? = 0
configure:4423: result: yes
configure:4449: checking dlfcn.h usability
configure:4461: gcc -c -g -O2 -Wall  conftest.c >&5
configure:4467: $? = 0
configure:4471: test -z 
			 || test ! -s conftest.err
configure:4474: $? = 0
configure:4477: test -s conftest.o
configure:4480: $? = 0
configure:4490: result: yes
configure:4494: checking dlfcn.h presence
configure:4504: gcc -E  conftest.c
configure:4510: $? = 0
configure:4530: result: yes
configure:4565: checking for dlfcn.h
configure:4572: result: yes
configure:4637: checking for g++
configure:4653: found /usr/bin/g++
configure:4663: result: g++
configure:4679: checking for C++ compiler version
configure:4682: g++ --version </dev/null >&5
Configured with: --prefix=/Applications/Xcode.app/Contents/Developer/usr --with-gxx-include-dir=/usr/include/c++/4.2.1
Apple LLVM version 10.0.0 (clang-1000.11.45.5)
Target: x86_64-apple-darwin17.7.0
Thread model: posix
InstalledDir: /Applications/Xcode.app/Contents/Developer/Toolchains/XcodeDefault.xctoolchain/usr/bin
configure:4685: $? = 0
configure:4687: g++ -v </dev/null >&5
Configured with: --prefix=/Applications/Xcode.app/Contents/Developer/usr --with-gxx-include-dir=/usr/include/c++/4.2.1
Apple LLVM version 10.0.0 (clang-1000.11.45.5)
Target: x86_64-apple-darwin17.7.0
Thread model: posix
InstalledDir: /Applications/Xcode.app/Contents/Developer/Toolchains/XcodeDefault.xctoolchain/usr/bin
configure:4690: $? = 0
configure:4692: g++ -V </dev/null >&5
clang: error: argument to '-V' is missing (expected 1 value)
clang: error: no input files
configure:4695: $? = 1
configure:4698: checking whether we are using the GNU C++ compiler
configure:4722: g++ -c   conftest.cc >&5
configure:4728: $? = 0
configure:4732: test -z 
			 || test ! -s conftest.err
configure:4735: $? = 0
configure:4738: test -s conftest.o
configure:4741: $? = 0
configure:4754: result: yes
configure:4760: checking whether g++ accepts -g
configure:4781: g++ -c -g  conftest.cc >&5
configure:4787: $? = 0
configure:4791: test -z 
			 || test ! -s conftest.err
configure:4794: $? = 0
configure:4797: test -s conftest.o
configure:4800: $? = 0
configure:4811: result: yes
configure:4853: g++ -c -g -O2  conftest.cc >&5
configure:4859: $? = 0
configure:4863: test -z 
			 || test ! -s conftest.err
configure:4866: $? = 0
configure:4869: test -s conftest.o
configure:4872: $? = 0
configure:4898: g++ -c -g -O2  conftest.cc >&5
conftest.cc:26:1: error: use of undeclared identifier 'exit'
exit (42);
^
1 error generated.
configure:4904: $? = 1
configure: failed program was:
| /* confdefs.h.  */
| 
| #define PACKAGE_NAME ""
| #define PACKAGE_TARNAME ""
| #define PACKAGE_VERSION ""
| #define PACKAGE_STRING ""
| #define PACKAGE_BUGREPORT ""
| #define PACKAGE "libevent"
| #define VERSION "1.2"
| #define STDC_HEADERS 1
| #define HAVE_SYS_TYPES_H 1
| #define HAVE_SYS_STAT_H 1
| #define HAVE_STDLIB_H 1
| #define HAVE_STRING_H 1
| #define HAVE_MEMORY_H 1
| #define HAVE_STRINGS_H 1
| #define HAVE_INTTYPES_H 1
| #define HAVE_STDINT_H 1
| #define HAVE_UNISTD_H 1
| #define HAVE_DLFCN_H 1
| /* end confdefs.h.  */
| 
| int
| main ()
| {
| exit (42);
|   ;
|   return 0;
| }
configure:4853: g++ -c -g -O2  conftest.cc >&5
conftest.cc:22:17: error: use of undeclared identifier 'std'
extern "C" void std::exit (int) throw (); using std::exit;
                ^
conftest.cc:22:49: error: use of undeclared identifier 'std'
extern "C" void std::exit (int) throw (); using std::exit;
                                                ^
2 errors generated.
configure:4859: $? = 1
configure: failed program was:
| /* confdefs.h.  */
| 
| #define PACKAGE_NAME ""
| #define PACKAGE_TARNAME ""
| #define PACKAGE_VERSION ""
| #define PACKAGE_STRING ""
| #define PACKAGE_BUGREPORT ""
| #define PACKAGE "libevent"
| #define VERSION "1.2"
| #define STDC_HEADERS 1
| #define HAVE_SYS_TYPES_H 1
| #define HAVE_SYS_STAT_H 1
| #define HAVE_STDLIB_H 1
| #define HAVE_STRING_H 1
| #define HAVE_MEMORY_H 1
| #define HAVE_STRINGS_H 1
| #define HAVE_INTTYPES_H 1
| #define HAVE_STDINT_H 1
| #define HAVE_UNISTD_H 1
| #define HAVE_DLFCN_H 1
| /* end confdefs.h.  */
| extern "C" void std::exit (int) throw (); using std::exit;
| #include <stdlib.h>
| int
| main ()
| {
| exit (42);
|   ;
|   return 0;
| }
configure:4853: g++ -c -g -O2  conftest.cc >&5
conftest.cc:22:17: error: use of undeclared identifier 'std'
extern "C" void std::exit (int); using std::exit;
                ^
conftest.cc:22:40: error: use of undeclared identifier 'std'
extern "C" void std::exit (int); using std::exit;
                                       ^
2 errors generated.
configure:4859: $? = 1
configure: failed program was:
| /* confdefs.h.  */
| 
| #define PACKAGE_NAME ""
| #define PACKAGE_TARNAME ""
| #define PACKAGE_VERSION ""
| #define PACKAGE_STRING ""
| #define PACKAGE_BUGREPORT ""
| #define PACKAGE "libevent"
| #define VERSION "1.2"
| #define STDC_HEADERS 1
| #define HAVE_SYS_TYPES_H 1
| #define HAVE_SYS_STAT_H 1
| #define HAVE_STDLIB_H 1
| #define HAVE_STRING_H 1
| #define HAVE_MEMORY_H 1
| #define HAVE_STRINGS_H 1
| #define HAVE_INTTYPES_H 1
| #define HAVE_STDINT_H 1
| #define HAVE_UNISTD_H 1
| #define HAVE_DLFCN_H 1
| /* end confdefs.h.  */
| extern "C" void std::exit (int); using std::exit;
| #include <stdlib.h>
| int
| main ()
| {
| exit (42);
|   ;
|   return 0;
| }
configure:4853: g++ -c -g -O2  conftest.cc >&5
In file included from conftest.cc:23:
In file included from /Applications/Xcode.app/Contents/Developer/Toolchains/XcodeDefault.xctoolchain/usr/include/c++/v1/stdlib.h:94:
/usr/include/stdlib.h:150:7: error: 'exit' is missing exception specification 'throw()'
void     exit(int) __dead2;
         ^
conftest.cc:22:17: note: previous declaration is here
extern "C" void exit (int) throw ();
                ^
1 error generated.
configure:4859: $? = 1
configure: failed program was:
| /* confdefs.h.  */
| 
| #define PACKAGE_NAME ""
| #define PACKAGE_TARNAME ""
| #define PACKAGE_VERSION ""
| #define PACKAGE_STRING ""
| #define PACKAGE_BUGREPORT ""
| #define PACKAGE "libevent"
| #define VERSION "1.2"
| #define STDC_HEADERS 1
| #define HAVE_SYS_TYPES_H 1
| #define HAVE_SYS_STAT_H 1
| #define HAVE_STDLIB_H 1
| #define HAVE_STRING_H 1
| #define HAVE_MEMORY_H 1
| #define HAVE_STRINGS_H 1
| #define HAVE_INTTYPES_H 1
| #define HAVE_STDINT_H 1
| #define HAVE_UNISTD_H 1
| #define HAVE_DLFCN_H 1
| /* end confdefs.h.  */
| extern "C" void exit (int) throw ();
| #include <stdlib.h>
| int
| main ()
| {
| exit (42);
|   ;
|   return 0;
| }
configure:4853: g++ -c -g -O2  conftest.cc >&5
configure:4859: $? = 0
configure:4863: test -z 
			 || test ! -s conftest.err
configure:4866: $? = 0
configure:4869: test -s conftest.o
configure:4872: $? = 0
configure:4898: g++ -c -g -O2  conftest.cc >&5
configure:4904: $? = 0
configure:4908: test -z 
			 || test ! -s conftest.err
configure:4911: $? = 0
configure:4914: test -s conftest.o
configure:4917: $? = 0
configure:4942: checking dependency style of g++
configure:5032: result: none
configure:5059: checking how to run the C++ preprocessor
configure:5090: g++ -E  conftest.cc
configure:5096: $? = 0
configure:5128: g++ -E  conftest.cc
conftest.cc:25:10: fatal error: 'ac_nonexistent.h' file not found
#include <ac_nonexistent.h>
         ^~~~~~~~~~~~~~~~~~
1 error generated.
configure:5134: $? = 1
configure: failed program was:
| /* confdefs.h.  */
| 
| #define PACKAGE_NAME ""
| #define PACKAGE_TARNAME ""
| #define PACKAGE_VERSION ""
| #define PACKAGE_STRING ""
| #define PACKAGE_BUGREPORT ""
| #define PACKAGE "libevent"
| #define VERSION "1.2"
| #define STDC_HEADERS 1
| #define HAVE_SYS_TYPES_H 1
| #define HAVE_SYS_STAT_H 1
| #define HAVE_STDLIB_H 1
| #define HAVE_STRING_H 1
| #define HAVE_MEMORY_H 1
| #define HAVE_STRINGS_H 1
| #define HAVE_INTTYPES_H 1
| #define HAVE_STDINT_H 1
| #define HAVE_UNISTD_H 1
| #define HAVE_DLFCN_H 1
| #ifdef __cplusplus
| extern "C" void exit (int);
| #endif
| /* end confdefs.h.  */
| #include <ac_nonexistent.h>
configure:5173: result: g++ -E
configure:5197: g++ -E  conftest.cc
configure:5203: $? = 0
configure:5235: g++ -E  conftest.cc
conftest.cc:25:10: fatal error: 'ac_nonexistent.h' file not found
#include <ac_nonexistent.h>
         ^~~~~~~~~~~~~~~~~~
1 error generated.
configure:5241: $? = 1
configure: failed program was:
| /* confdefs.h.  */
| 
| #define PACKAGE_NAME ""
| #define PACKAGE_TARNAME ""
| #define PACKAGE_VERSION ""
| #define PACKAGE_STRING ""
| #define PACKAGE_BUGREPORT ""
| #define PACKAGE "libevent"
| #define VERSION "1.2"
| #define STDC_HEADERS 1
| #define HAVE_SYS_TYPES_H 1
| #define HAVE_SYS_STAT_H 1
| #define HAVE_STDLIB_H 1
| #define HAVE_STRING_H 1
| #define HAVE_MEMORY_H 1
| #define HAVE_STRINGS_H 1
| #define HAVE_INTTYPES_H 1
| #define HAVE_STDINT_H 1
| #define HAVE_UNISTD_H 1
| #define HAVE_DLFCN_H 1
| #ifdef __cplusplus
| extern "C" void exit (int);
| #endif
| /* end confdefs.h.  */
| #include <ac_nonexistent.h>
configure:5338: checking for g77
configure:5367: result: no
configure:5338: checking for f77
configure:5367: result: no
configure:5338: checking for xlf
configure:5367: result: no
configure:5338: checking for frt
configure:5367: result: no
configure:5338: checking for pgf77
configure:5367: result: no
configure:5338: checking for fort77
configure:5367: result: no
configure:5338: checking for fl32
configure:5367: result: no
configure:5338: checking for af77
configure:5367: result: no
configure:5338: checking for f90
configure:5367: result: no
configure:5338: checking for xlf90
configure:5367: result: no
configure:5338: checking for pgf90
configure:5367: result: no
configure:5338: checking for epcf90
configure:5367: result: no
configure:5338: checking for f95
configure:5367: result: no
configure:5338: checking for fort
configure:5367: result: no
configure:5338: checking for xlf95
configure:5367: result: no
configure:5338: checking for ifc
configure:5367: result: no
configure:5338: checking for efc
configure:5367: result: no
configure:5338: checking for pgf95
configure:5367: result: no
configure:5338: checking for lf95
configure:5367: result: no
configure:5338: checking for gfortran
configure:5354: found /usr/local/bin/gfortran
configure:5364: result: gfortran
configure:5379: checking for Fortran 77 compiler version
configure:5382: gfortran --version </dev/null >&5
GNU Fortran (Homebrew GCC 8.1.0) 8.1.0
Copyright (C) 2018 Free Software Foundation, Inc.
This is free software; see the source for copying conditions.  There is NO
warranty; not even for MERCHANTABILITY or FITNESS FOR A PARTICULAR PURPOSE.

configure:5385: $? = 0
configure:5387: gfortran -v </dev/null >&5
Using built-in specs.
COLLECT_GCC=gfortran
COLLECT_LTO_WRAPPER=/usr/local/Cellar/gcc/8.1.0/libexec/gcc/x86_64-apple-darwin16.7.0/8.1.0/lto-wrapper
Target: x86_64-apple-darwin16.7.0
Configured with: ../configure --build=x86_64-apple-darwin16.7.0 --prefix=/usr/local/Cellar/gcc/8.1.0 --libdir=/usr/local/Cellar/gcc/8.1.0/lib/gcc/8 --enable-languages=c,c++,objc,obj-c++,fortran --program-suffix=-8 --with-gmp=/usr/local/opt/gmp --with-mpfr=/usr/local/opt/mpfr --with-mpc=/usr/local/opt/libmpc --with-isl=/usr/local/opt/isl --with-system-zlib --enable-checking=release --with-pkgversion='Homebrew GCC 8.1.0' --with-bugurl=https://github.com/Homebrew/homebrew-core/issues --disable-nls
Thread model: posix
gcc version 8.1.0 (Homebrew GCC 8.1.0) 
configure:5390: $? = 0
configure:5392: gfortran -V </dev/null >&5
gfortran: error: unrecognized command line option '-V'
gfortran: fatal error: no input files
compilation terminated.
configure:5395: $? = 1
configure:5403: checking whether we are using the GNU Fortran 77 compiler
configure:5417: gfortran -c  conftest.F >&5
configure:5423: $? = 0
configure:5427: test -z 
			 || test ! -s conftest.err
configure:5430: $? = 0
configure:5433: test -s conftest.o
configure:5436: $? = 0
configure:5449: result: yes
configure:5455: checking whether gfortran accepts -g
configure:5467: gfortran -c -g conftest.f >&5
configure:5473: $? = 0
configure:5477: test -z 
			 || test ! -s conftest.err
configure:5480: $? = 0
configure:5483: test -s conftest.o
configure:5486: $? = 0
configure:5498: result: yes
configure:5528: checking the maximum length of command line arguments
configure:5620: result: 196608
configure:5631: checking command to parse /usr/bin/nm -B output from gcc object
configure:5727: gcc -c -g -O2 -Wall  conftest.c >&5
configure:5730: $? = 0
configure:5734: /usr/bin/nm -B conftest.o \| sed -n -e 's/^.*[ 	]\([BCDEGRST][BCDEGRST]*\)[ 	][ 	]*\([_A-Za-z][_A-Za-z0-9]*\)$/\1 \2 \2/p' \> conftest.nm
configure:5737: $? = 0
cannot find nm_test_var in conftest.nm
configure:5727: gcc -c -g -O2 -Wall  conftest.c >&5
configure:5730: $? = 0
configure:5734: /usr/bin/nm -B conftest.o \| sed -n -e 's/^.*[ 	]\([BCDEGRST][BCDEGRST]*\)[ 	][ 	]*_\([_A-Za-z][_A-Za-z0-9]*\)$/\1 _\2 \2/p' \> conftest.nm
configure:5737: $? = 0
configure:5789: gcc -o conftest -g -O2 -Wall   conftest.c conftstm.o >&5
warning: (x86_64)  could not find object file symbol for symbol _main
configure:5792: $? = 0
configure:5830: result: ok
configure:5834: checking for objdir
configure:5849: result: .libs
configure:5939: checking for ar
configure:5955: found /usr/bin/ar
configure:5966: result: ar
configure:6019: checking for ranlib
configure:6035: found /usr/bin/ranlib
configure:6046: result: ranlib
configure:6099: checking for strip
configure:6115: found /usr/bin/strip
configure:6126: result: strip
configure:6413: checking if gcc static flag  works
configure:6441: result: yes
configure:6459: checking if gcc supports -fno-rtti -fno-exceptions
configure:6477: gcc -c -g -O2 -Wall  -fno-rtti -fno-exceptions conftest.c >&5
configure:6481: $? = 0
configure:6494: result: yes
configure:6509: checking for gcc option to produce PIC
configure:6713: result: -fno-common
configure:6721: checking if gcc PIC flag -fno-common works
configure:6739: gcc -c -g -O2 -Wall  -fno-common -DPIC conftest.c >&5
configure:6743: $? = 0
configure:6756: result: yes
configure:6780: checking if gcc supports -c -o file.o
configure:6801: gcc -c -g -O2 -Wall  -o out/conftest2.o conftest.c >&5
configure:6805: $? = 0
configure:6827: result: yes
configure:6853: checking whether the gcc linker (/Applications/Xcode.app/Contents/Developer/Toolchains/XcodeDefault.xctoolchain/usr/bin/ld) supports shared libraries
configure:7749: result: yes
configure:7820: checking dynamic linker characteristics
configure:8366: result: darwin17.7.0 dyld
configure:8370: checking how to hardcode library paths into programs
configure:8395: result: immediate
configure:8409: checking whether stripping libraries is possible
configure:8422: result: yes
configure:9244: checking if libtool supports shared libraries
configure:9246: result: yes
configure:9249: checking whether to build shared libraries
configure:9270: result: yes
configure:9273: checking whether to build static libraries
configure:9277: result: yes
configure:9369: creating libtool
configure:9947: checking for ld used by g++
configure:10014: result: /Applications/Xcode.app/Contents/Developer/Toolchains/XcodeDefault.xctoolchain/usr/bin/ld
configure:10023: checking if the linker (/Applications/Xcode.app/Contents/Developer/Toolchains/XcodeDefault.xctoolchain/usr/bin/ld) is GNU ld
configure:10038: result: no
configure:10089: checking whether the g++ linker (/Applications/Xcode.app/Contents/Developer/Toolchains/XcodeDefault.xctoolchain/usr/bin/ld) supports shared libraries
configure:10976: result: yes
configure:10994: g++ -c -g -O2  conftest.cc >&5
configure:10997: $? = 0
configure:11093: checking for g++ option to produce PIC
configure:11361: result: -fno-common
configure:11369: checking if g++ PIC flag -fno-common works
configure:11387: g++ -c -g -O2  -fno-common -DPIC conftest.cc >&5
configure:11391: $? = 0
configure:11404: result: yes
configure:11428: checking if g++ supports -c -o file.o
configure:11449: g++ -c -g -O2  -o out/conftest2.o conftest.cc >&5
configure:11453: $? = 0
configure:11475: result: yes
configure:11501: checking whether the g++ linker (/Applications/Xcode.app/Contents/Developer/Toolchains/XcodeDefault.xctoolchain/usr/bin/ld) supports shared libraries
configure:11526: result: yes
configure:11597: checking dynamic linker characteristics
configure:12143: result: darwin17.7.0 dyld
configure:12147: checking how to hardcode library paths into programs
configure:12172: result: immediate
configure:12186: checking whether stripping libraries is possible
configure:12199: result: yes
configure:13527: checking if libtool supports shared libraries
configure:13529: result: yes
configure:13532: checking whether to build shared libraries
configure:13552: result: yes
configure:13555: checking whether to build static libraries
configure:13559: result: yes
configure:13571: checking for gfortran option to produce PIC
configure:13775: result: -fno-common
configure:13783: checking if gfortran PIC flag -fno-common works
configure:13801: gfortran -c -g -O2 -fno-common conftest.f >&5
configure:13805: $? = 0
configure:13818: result: yes
configure:13842: checking if gfortran supports -c -o file.o
configure:13863: gfortran -c -g -O2 -o out/conftest2.o conftest.f >&5
configure:13867: $? = 0
configure:13889: result: yes
configure:13915: checking whether the gfortran linker (/Applications/Xcode.app/Contents/Developer/Toolchains/XcodeDefault.xctoolchain/usr/bin/ld) supports shared libraries
configure:14791: result: yes
configure:14862: checking dynamic linker characteristics
configure:15408: result: darwin17.7.0 dyld
configure:15412: checking how to hardcode library paths into programs
configure:15437: result: immediate
configure:15451: checking whether stripping libraries is possible
configure:15464: result: yes
configure:19710: checking for socket in -lsocket
configure:19740: gcc -o conftest -g -O2 -Wall   conftest.c -lsocket   >&5
ld: library not found for -lsocket
clang: error: linker command failed with exit code 1 (use -v to see invocation)
configure:19746: $? = 1
configure: failed program was:
| /* confdefs.h.  */
| 
| #define PACKAGE_NAME ""
| #define PACKAGE_TARNAME ""
| #define PACKAGE_VERSION ""
| #define PACKAGE_STRING ""
| #define PACKAGE_BUGREPORT ""
| #define PACKAGE "libevent"
| #define VERSION "1.2"
| #define STDC_HEADERS 1
| #define HAVE_SYS_TYPES_H 1
| #define HAVE_SYS_STAT_H 1
| #define HAVE_STDLIB_H 1
| #define HAVE_STRING_H 1
| #define HAVE_MEMORY_H 1
| #define HAVE_STRINGS_H 1
| #define HAVE_INTTYPES_H 1
| #define HAVE_STDINT_H 1
| #define HAVE_UNISTD_H 1
| #define HAVE_DLFCN_H 1
| #ifdef __cplusplus
| extern "C" void exit (int);
| #endif
| /* end confdefs.h.  */
| 
| /* Override any gcc2 internal prototype to avoid an error.  */
| #ifdef __cplusplus
| extern "C"
| #endif
| /* We use char because int might match the return type of a gcc2
|    builtin and then its argument prototype would still apply.  */
| char socket ();
| int
| main ()
| {
| socket ();
|   ;
|   return 0;
| }
configure:19772: result: no
configure:19784: checking for ANSI C header files
configure:19940: result: yes
configure:19977: checking fcntl.h usability
configure:19989: gcc -c -g -O2 -Wall  conftest.c >&5
configure:19995: $? = 0
configure:19999: test -z 
			 || test ! -s conftest.err
configure:20002: $? = 0
configure:20005: test -s conftest.o
configure:20008: $? = 0
configure:20018: result: yes
configure:20022: checking fcntl.h presence
configure:20032: gcc -E  conftest.c
configure:20038: $? = 0
configure:20058: result: yes
configure:20093: checking for fcntl.h
configure:20100: result: yes
configure:19977: checking stdarg.h usability
configure:19989: gcc -c -g -O2 -Wall  conftest.c >&5
configure:19995: $? = 0
configure:19999: test -z 
			 || test ! -s conftest.err
configure:20002: $? = 0
configure:20005: test -s conftest.o
configure:20008: $? = 0
configure:20018: result: yes
configure:20022: checking stdarg.h presence
configure:20032: gcc -E  conftest.c
configure:20038: $? = 0
configure:20058: result: yes
configure:20093: checking for stdarg.h
configure:20100: result: yes
configure:19968: checking for inttypes.h
configure:19973: result: yes
configure:19968: checking for stdint.h
configure:19973: result: yes
configure:19977: checking poll.h usability
configure:19989: gcc -c -g -O2 -Wall  conftest.c >&5
configure:19995: $? = 0
configure:19999: test -z 
			 || test ! -s conftest.err
configure:20002: $? = 0
configure:20005: test -s conftest.o
configure:20008: $? = 0
configure:20018: result: yes
configure:20022: checking poll.h presence
configure:20032: gcc -E  conftest.c
configure:20038: $? = 0
configure:20058: result: yes
configure:20093: checking for poll.h
configure:20100: result: yes
configure:19977: checking signal.h usability
configure:19989: gcc -c -g -O2 -Wall  conftest.c >&5
configure:19995: $? = 0
configure:19999: test -z 
			 || test ! -s conftest.err
configure:20002: $? = 0
configure:20005: test -s conftest.o
configure:20008: $? = 0
configure:20018: result: yes
configure:20022: checking signal.h presence
configure:20032: gcc -E  conftest.c
configure:20038: $? = 0
configure:20058: result: yes
configure:20093: checking for signal.h
configure:20100: result: yes
configure:19968: checking for unistd.h
configure:19973: result: yes
configure:19977: checking sys/epoll.h usability
configure:19989: gcc -c -g -O2 -Wall  conftest.c >&5
conftest.c:67:10: fatal error: 'sys/epoll.h' file not found
#include <sys/epoll.h>
         ^~~~~~~~~~~~~
1 error generated.
configure:19995: $? = 1
configure: failed program was:
| /* confdefs.h.  */
| 
| #define PACKAGE_NAME ""
| #define PACKAGE_TARNAME ""
| #define PACKAGE_VERSION ""
| #define PACKAGE_STRING ""
| #define PACKAGE_BUGREPORT ""
| #define PACKAGE "libevent"
| #define VERSION "1.2"
| #define STDC_HEADERS 1
| #define HAVE_SYS_TYPES_H 1
| #define HAVE_SYS_STAT_H 1
| #define HAVE_STDLIB_H 1
| #define HAVE_STRING_H 1
| #define HAVE_MEMORY_H 1
| #define HAVE_STRINGS_H 1
| #define HAVE_INTTYPES_H 1
| #define HAVE_STDINT_H 1
| #define HAVE_UNISTD_H 1
| #define HAVE_DLFCN_H 1
| #ifdef __cplusplus
| extern "C" void exit (int);
| #endif
| #define STDC_HEADERS 1
| #define HAVE_FCNTL_H 1
| #define HAVE_STDARG_H 1
| #define HAVE_INTTYPES_H 1
| #define HAVE_STDINT_H 1
| #define HAVE_POLL_H 1
| #define HAVE_SIGNAL_H 1
| #define HAVE_UNISTD_H 1
| /* end confdefs.h.  */
| #include <stdio.h>
| #if HAVE_SYS_TYPES_H
| # include <sys/types.h>
| #endif
| #if HAVE_SYS_STAT_H
| # include <sys/stat.h>
| #endif
| #if STDC_HEADERS
| # include <stdlib.h>
| # include <stddef.h>
| #else
| # if HAVE_STDLIB_H
| #  include <stdlib.h>
| # endif
| #endif
| #if HAVE_STRING_H
| # if !STDC_HEADERS && HAVE_MEMORY_H
| #  include <memory.h>
| # endif
| # include <string.h>
| #endif
| #if HAVE_STRINGS_H
| # include <strings.h>
| #endif
| #if HAVE_INTTYPES_H
| # include <inttypes.h>
| #else
| # if HAVE_STDINT_H
| #  include <stdint.h>
| # endif
| #endif
| #if HAVE_UNISTD_H
| # include <unistd.h>
| #endif
| #include <sys/epoll.h>
configure:20018: result: no
configure:20022: checking sys/epoll.h presence
configure:20032: gcc -E  conftest.c
conftest.c:33:10: fatal error: 'sys/epoll.h' file not found
#include <sys/epoll.h>
         ^~~~~~~~~~~~~
1 error generated.
configure:20038: $? = 1
configure: failed program was:
| /* confdefs.h.  */
| 
| #define PACKAGE_NAME ""
| #define PACKAGE_TARNAME ""
| #define PACKAGE_VERSION ""
| #define PACKAGE_STRING ""
| #define PACKAGE_BUGREPORT ""
| #define PACKAGE "libevent"
| #define VERSION "1.2"
| #define STDC_HEADERS 1
| #define HAVE_SYS_TYPES_H 1
| #define HAVE_SYS_STAT_H 1
| #define HAVE_STDLIB_H 1
| #define HAVE_STRING_H 1
| #define HAVE_MEMORY_H 1
| #define HAVE_STRINGS_H 1
| #define HAVE_INTTYPES_H 1
| #define HAVE_STDINT_H 1
| #define HAVE_UNISTD_H 1
| #define HAVE_DLFCN_H 1
| #ifdef __cplusplus
| extern "C" void exit (int);
| #endif
| #define STDC_HEADERS 1
| #define HAVE_FCNTL_H 1
| #define HAVE_STDARG_H 1
| #define HAVE_INTTYPES_H 1
| #define HAVE_STDINT_H 1
| #define HAVE_POLL_H 1
| #define HAVE_SIGNAL_H 1
| #define HAVE_UNISTD_H 1
| /* end confdefs.h.  */
| #include <sys/epoll.h>
configure:20058: result: no
configure:20093: checking for sys/epoll.h
configure:20100: result: no
configure:19977: checking sys/time.h usability
configure:19989: gcc -c -g -O2 -Wall  conftest.c >&5
configure:19995: $? = 0
configure:19999: test -z 
			 || test ! -s conftest.err
configure:20002: $? = 0
configure:20005: test -s conftest.o
configure:20008: $? = 0
configure:20018: result: yes
configure:20022: checking sys/time.h presence
configure:20032: gcc -E  conftest.c
configure:20038: $? = 0
configure:20058: result: yes
configure:20093: checking for sys/time.h
configure:20100: result: yes
configure:19977: checking sys/queue.h usability
configure:19989: gcc -c -g -O2 -Wall  conftest.c >&5
configure:19995: $? = 0
configure:19999: test -z 
			 || test ! -s conftest.err
configure:20002: $? = 0
configure:20005: test -s conftest.o
configure:20008: $? = 0
configure:20018: result: yes
configure:20022: checking sys/queue.h presence
configure:20032: gcc -E  conftest.c
configure:20038: $? = 0
configure:20058: result: yes
configure:20093: checking for sys/queue.h
configure:20100: result: yes
configure:19977: checking sys/event.h usability
configure:19989: gcc -c -g -O2 -Wall  conftest.c >&5
configure:19995: $? = 0
configure:19999: test -z 
			 || test ! -s conftest.err
configure:20002: $? = 0
configure:20005: test -s conftest.o
configure:20008: $? = 0
configure:20018: result: yes
configure:20022: checking sys/event.h presence
configure:20032: gcc -E  conftest.c
configure:20038: $? = 0
configure:20058: result: yes
configure:20093: checking for sys/event.h
configure:20100: result: yes
configure:19977: checking sys/ioctl.h usability
configure:19989: gcc -c -g -O2 -Wall  conftest.c >&5
configure:19995: $? = 0
configure:19999: test -z 
			 || test ! -s conftest.err
configure:20002: $? = 0
configure:20005: test -s conftest.o
configure:20008: $? = 0
configure:20018: result: yes
configure:20022: checking sys/ioctl.h presence
configure:20032: gcc -E  conftest.c
configure:20038: $? = 0
configure:20058: result: yes
configure:20093: checking for sys/ioctl.h
configure:20100: result: yes
configure:19977: checking sys/devpoll.h usability
configure:19989: gcc -c -g -O2 -Wall  conftest.c >&5
conftest.c:71:10: fatal error: 'sys/devpoll.h' file not found
#include <sys/devpoll.h>
         ^~~~~~~~~~~~~~~
1 error generated.
configure:19995: $? = 1
configure: failed program was:
| /* confdefs.h.  */
| 
| #define PACKAGE_NAME ""
| #define PACKAGE_TARNAME ""
| #define PACKAGE_VERSION ""
| #define PACKAGE_STRING ""
| #define PACKAGE_BUGREPORT ""
| #define PACKAGE "libevent"
| #define VERSION "1.2"
| #define STDC_HEADERS 1
| #define HAVE_SYS_TYPES_H 1
| #define HAVE_SYS_STAT_H 1
| #define HAVE_STDLIB_H 1
| #define HAVE_STRING_H 1
| #define HAVE_MEMORY_H 1
| #define HAVE_STRINGS_H 1
| #define HAVE_INTTYPES_H 1
| #define HAVE_STDINT_H 1
| #define HAVE_UNISTD_H 1
| #define HAVE_DLFCN_H 1
| #ifdef __cplusplus
| extern "C" void exit (int);
| #endif
| #define STDC_HEADERS 1
| #define HAVE_FCNTL_H 1
| #define HAVE_STDARG_H 1
| #define HAVE_INTTYPES_H 1
| #define HAVE_STDINT_H 1
| #define HAVE_POLL_H 1
| #define HAVE_SIGNAL_H 1
| #define HAVE_UNISTD_H 1
| #define HAVE_SYS_TIME_H 1
| #define HAVE_SYS_QUEUE_H 1
| #define HAVE_SYS_EVENT_H 1
| #define HAVE_SYS_IOCTL_H 1
| /* end confdefs.h.  */
| #include <stdio.h>
| #if HAVE_SYS_TYPES_H
| # include <sys/types.h>
| #endif
| #if HAVE_SYS_STAT_H
| # include <sys/stat.h>
| #endif
| #if STDC_HEADERS
| # include <stdlib.h>
| # include <stddef.h>
| #else
| # if HAVE_STDLIB_H
| #  include <stdlib.h>
| # endif
| #endif
| #if HAVE_STRING_H
| # if !STDC_HEADERS && HAVE_MEMORY_H
| #  include <memory.h>
| # endif
| # include <string.h>
| #endif
| #if HAVE_STRINGS_H
| # include <strings.h>
| #endif
| #if HAVE_INTTYPES_H
| # include <inttypes.h>
| #else
| # if HAVE_STDINT_H
| #  include <stdint.h>
| # endif
| #endif
| #if HAVE_UNISTD_H
| # include <unistd.h>
| #endif
| #include <sys/devpoll.h>
configure:20018: result: no
configure:20022: checking sys/devpoll.h presence
configure:20032: gcc -E  conftest.c
conftest.c:37:10: fatal error: 'sys/devpoll.h' file not found
#include <sys/devpoll.h>
         ^~~~~~~~~~~~~~~
1 error generated.
configure:20038: $? = 1
configure: failed program was:
| /* confdefs.h.  */
| 
| #define PACKAGE_NAME ""
| #define PACKAGE_TARNAME ""
| #define PACKAGE_VERSION ""
| #define PACKAGE_STRING ""
| #define PACKAGE_BUGREPORT ""
| #define PACKAGE "libevent"
| #define VERSION "1.2"
| #define STDC_HEADERS 1
| #define HAVE_SYS_TYPES_H 1
| #define HAVE_SYS_STAT_H 1
| #define HAVE_STDLIB_H 1
| #define HAVE_STRING_H 1
| #define HAVE_MEMORY_H 1
| #define HAVE_STRINGS_H 1
| #define HAVE_INTTYPES_H 1
| #define HAVE_STDINT_H 1
| #define HAVE_UNISTD_H 1
| #define HAVE_DLFCN_H 1
| #ifdef __cplusplus
| extern "C" void exit (int);
| #endif
| #define STDC_HEADERS 1
| #define HAVE_FCNTL_H 1
| #define HAVE_STDARG_H 1
| #define HAVE_INTTYPES_H 1
| #define HAVE_STDINT_H 1
| #define HAVE_POLL_H 1
| #define HAVE_SIGNAL_H 1
| #define HAVE_UNISTD_H 1
| #define HAVE_SYS_TIME_H 1
| #define HAVE_SYS_QUEUE_H 1
| #define HAVE_SYS_EVENT_H 1
| #define HAVE_SYS_IOCTL_H 1
| /* end confdefs.h.  */
| #include <sys/devpoll.h>
configure:20058: result: no
configure:20093: checking for sys/devpoll.h
configure:20100: result: no
configure:19977: checking port.h usability
configure:19989: gcc -c -g -O2 -Wall  conftest.c >&5
conftest.c:71:10: fatal error: 'port.h' file not found
#include <port.h>
         ^~~~~~~~
1 error generated.
configure:19995: $? = 1
configure: failed program was:
| /* confdefs.h.  */
| 
| #define PACKAGE_NAME ""
| #define PACKAGE_TARNAME ""
| #define PACKAGE_VERSION ""
| #define PACKAGE_STRING ""
| #define PACKAGE_BUGREPORT ""
| #define PACKAGE "libevent"
| #define VERSION "1.2"
| #define STDC_HEADERS 1
| #define HAVE_SYS_TYPES_H 1
| #define HAVE_SYS_STAT_H 1
| #define HAVE_STDLIB_H 1
| #define HAVE_STRING_H 1
| #define HAVE_MEMORY_H 1
| #define HAVE_STRINGS_H 1
| #define HAVE_INTTYPES_H 1
| #define HAVE_STDINT_H 1
| #define HAVE_UNISTD_H 1
| #define HAVE_DLFCN_H 1
| #ifdef __cplusplus
| extern "C" void exit (int);
| #endif
| #define STDC_HEADERS 1
| #define HAVE_FCNTL_H 1
| #define HAVE_STDARG_H 1
| #define HAVE_INTTYPES_H 1
| #define HAVE_STDINT_H 1
| #define HAVE_POLL_H 1
| #define HAVE_SIGNAL_H 1
| #define HAVE_UNISTD_H 1
| #define HAVE_SYS_TIME_H 1
| #define HAVE_SYS_QUEUE_H 1
| #define HAVE_SYS_EVENT_H 1
| #define HAVE_SYS_IOCTL_H 1
| /* end confdefs.h.  */
| #include <stdio.h>
| #if HAVE_SYS_TYPES_H
| # include <sys/types.h>
| #endif
| #if HAVE_SYS_STAT_H
| # include <sys/stat.h>
| #endif
| #if STDC_HEADERS
| # include <stdlib.h>
| # include <stddef.h>
| #else
| # if HAVE_STDLIB_H
| #  include <stdlib.h>
| # endif
| #endif
| #if HAVE_STRING_H
| # if !STDC_HEADERS && HAVE_MEMORY_H
| #  include <memory.h>
| # endif
| # include <string.h>
| #endif
| #if HAVE_STRINGS_H
| # include <strings.h>
| #endif
| #if HAVE_INTTYPES_H
| # include <inttypes.h>
| #else
| # if HAVE_STDINT_H
| #  include <stdint.h>
| # endif
| #endif
| #if HAVE_UNISTD_H
| # include <unistd.h>
| #endif
| #include <port.h>
configure:20018: result: no
configure:20022: checking port.h presence
configure:20032: gcc -E  conftest.c
conftest.c:37:10: fatal error: 'port.h' file not found
#include <port.h>
         ^~~~~~~~
1 error generated.
configure:20038: $? = 1
configure: failed program was:
| /* confdefs.h.  */
| 
| #define PACKAGE_NAME ""
| #define PACKAGE_TARNAME ""
| #define PACKAGE_VERSION ""
| #define PACKAGE_STRING ""
| #define PACKAGE_BUGREPORT ""
| #define PACKAGE "libevent"
| #define VERSION "1.2"
| #define STDC_HEADERS 1
| #define HAVE_SYS_TYPES_H 1
| #define HAVE_SYS_STAT_H 1
| #define HAVE_STDLIB_H 1
| #define HAVE_STRING_H 1
| #define HAVE_MEMORY_H 1
| #define HAVE_STRINGS_H 1
| #define HAVE_INTTYPES_H 1
| #define HAVE_STDINT_H 1
| #define HAVE_UNISTD_H 1
| #define HAVE_DLFCN_H 1
| #ifdef __cplusplus
| extern "C" void exit (int);
| #endif
| #define STDC_HEADERS 1
| #define HAVE_FCNTL_H 1
| #define HAVE_STDARG_H 1
| #define HAVE_INTTYPES_H 1
| #define HAVE_STDINT_H 1
| #define HAVE_POLL_H 1
| #define HAVE_SIGNAL_H 1
| #define HAVE_UNISTD_H 1
| #define HAVE_SYS_TIME_H 1
| #define HAVE_SYS_QUEUE_H 1
| #define HAVE_SYS_EVENT_H 1
| #define HAVE_SYS_IOCTL_H 1
| /* end confdefs.h.  */
| #include <port.h>
configure:20058: result: no
configure:20093: checking for port.h
configure:20100: result: no
configure:20114: checking for TAILQ_FOREACH in sys/queue.h
configure:20131: result: yes
configure:20148: checking for timeradd in sys/time.h
configure:20170: result: yes
configure:20182: checking for timercmp in sys/time.h
configure:20204: result: yes
configure:20216: checking for timerclear in sys/time.h
configure:20238: result: yes
configure:20250: checking for timerisset in sys/time.h
configure:20272: result: yes
configure:20283: checking for WIN32
configure:20305: gcc -c -g -O2 -Wall  conftest.c >&5
conftest.c:48:3: error: 
        #error
         ^
1 error generated.
configure:20311: $? = 1
configure: failed program was:
| /* confdefs.h.  */
| 
| #define PACKAGE_NAME ""
| #define PACKAGE_TARNAME ""
| #define PACKAGE_VERSION ""
| #define PACKAGE_STRING ""
| #define PACKAGE_BUGREPORT ""
| #define PACKAGE "libevent"
| #define VERSION "1.2"
| #define STDC_HEADERS 1
| #define HAVE_SYS_TYPES_H 1
| #define HAVE_SYS_STAT_H 1
| #define HAVE_STDLIB_H 1
| #define HAVE_STRING_H 1
| #define HAVE_MEMORY_H 1
| #define HAVE_STRINGS_H 1
| #define HAVE_INTTYPES_H 1
| #define HAVE_STDINT_H 1
| #define HAVE_UNISTD_H 1
| #define HAVE_DLFCN_H 1
| #ifdef __cplusplus
| extern "C" void exit (int);
| #endif
| #define STDC_HEADERS 1
| #define HAVE_FCNTL_H 1
| #define HAVE_STDARG_H 1
| #define HAVE_INTTYPES_H 1
| #define HAVE_STDINT_H 1
| #define HAVE_POLL_H 1
| #define HAVE_SIGNAL_H 1
| #define HAVE_UNISTD_H 1
| #define HAVE_SYS_TIME_H 1
| #define HAVE_SYS_QUEUE_H 1
| #define HAVE_SYS_EVENT_H 1
| #define HAVE_SYS_IOCTL_H 1
| #define HAVE_TAILQFOREACH 1
| #define HAVE_TIMERADD 1
| #define HAVE_TIMERCMP 1
| #define HAVE_TIMERCLEAR 1
| #define HAVE_TIMERISSET 1
| /* end confdefs.h.  */
| 
| int
| main ()
| {
| 
| 	#ifndef WIN32
| 	#error
| 	#endif
| 
|   ;
|   return 0;
| }
configure:20332: result: no
configure:20348: checking for an ANSI C-conforming const
configure:20415: gcc -c -g -O2 -Wall  conftest.c >&5
conftest.c:69:17: warning: unused variable 's' [-Wunused-variable]
    char const *s = 0 ? (char *) 0 : (char const *) 0;
                ^
conftest.c:89:15: warning: unused variable 'foo' [-Wunused-variable]
    const int foo = 10;
              ^
conftest.c:50:17: warning: unused variable 'x' [-Wunused-variable]
  const charset x;
                ^
conftest.c:56:29: warning: unused variable 'zero' [-Wunused-variable]
  static struct point const zero = {0,0};
                            ^
conftest.c:71:6: warning: variable 't' is uninitialized when used here [-Wuninitialized]
    *t++ = 0;
     ^
conftest.c:68:12: note: initialize the variable 't' to silence this warning
    char *t;
           ^
            = 0
conftest.c:86:18: warning: variable 'b' is uninitialized when used here [-Wuninitialized]
    struct s *b; b->j = 5;
                 ^
conftest.c:86:16: note: initialize the variable 'b' to silence this warning
    struct s *b; b->j = 5;
               ^
                = 0
6 warnings generated.
configure:20421: $? = 0
configure:20425: test -z 
			 || test ! -s conftest.err
configure:20428: $? = 0
configure:20431: test -s conftest.o
configure:20434: $? = 0
configure:20445: result: yes
configure:20455: checking for inline
configure:20476: gcc -c -g -O2 -Wall  conftest.c >&5
conftest.c:44:21: warning: unused function 'static_foo' [-Wunused-function]
static inline foo_t static_foo () {return 0; }
                    ^
1 warning generated.
configure:20482: $? = 0
configure:20486: test -z 
			 || test ! -s conftest.err
configure:20489: $? = 0
configure:20492: test -s conftest.o
configure:20495: $? = 0
configure:20507: result: inline
configure:20526: checking whether time.h and sys/time.h may both be included
configure:20551: gcc -c -g -O2 -Wall  conftest.c >&5
configure:20557: $? = 0
configure:20561: test -z 
			 || test ! -s conftest.err
configure:20564: $? = 0
configure:20567: test -s conftest.o
configure:20570: $? = 0
configure:20581: result: yes
configure:20600: checking for gettimeofday
configure:20657: gcc -o conftest -g -O2 -Wall   conftest.c  >&5
configure:20663: $? = 0
configure:20667: test -z 
			 || test ! -s conftest.err
configure:20670: $? = 0
configure:20673: test -s conftest
configure:20676: $? = 0
configure:20688: result: yes
configure:20600: checking for vasprintf
configure:20657: gcc -o conftest -g -O2 -Wall   conftest.c  >&5
configure:20663: $? = 0
configure:20667: test -z 
			 || test ! -s conftest.err
configure:20670: $? = 0
configure:20673: test -s conftest
configure:20676: $? = 0
configure:20688: result: yes
configure:20600: checking for fcntl
configure:20657: gcc -o conftest -g -O2 -Wall   conftest.c  >&5
configure:20663: $? = 0
configure:20667: test -z 
			 || test ! -s conftest.err
configure:20670: $? = 0
configure:20673: test -s conftest
configure:20676: $? = 0
configure:20688: result: yes
configure:20600: checking for clock_gettime
configure:20657: gcc -o conftest -g -O2 -Wall   conftest.c  >&5
configure:20663: $? = 0
configure:20667: test -z 
			 || test ! -s conftest.err
configure:20670: $? = 0
configure:20673: test -s conftest
configure:20676: $? = 0
configure:20688: result: yes
configure:20600: checking for strtok_r
configure:20657: gcc -o conftest -g -O2 -Wall   conftest.c  >&5
configure:20663: $? = 0
configure:20667: test -z 
			 || test ! -s conftest.err
configure:20670: $? = 0
configure:20673: test -s conftest
configure:20676: $? = 0
configure:20688: result: yes
configure:20702: checking for strlcpy
configure:20759: gcc -o conftest -g -O2 -Wall   conftest.c  >&5
conftest.c:72:6: warning: incompatible redeclaration of library function 'strlcpy' [-Wincompatible-library-redeclaration]
char strlcpy ();
     ^
conftest.c:72:6: note: 'strlcpy' is a builtin with type 'unsigned long (char *, const char *, unsigned long)'
1 warning generated.
configure:20765: $? = 0
configure:20769: test -z 
			 || test ! -s conftest.err
configure:20772: $? = 0
configure:20775: test -s conftest
configure:20778: $? = 0
configure:20790: result: yes
configure:20825: checking for F_SETFD in fcntl.h
configure:20848: result: yes
configure:20863: checking for select
configure:20920: gcc -o conftest -g -O2 -Wall   conftest.c  >&5
configure:20926: $? = 0
configure:20930: test -z 
			 || test ! -s conftest.err
configure:20933: $? = 0
configure:20936: test -s conftest
configure:20939: $? = 0
configure:20951: result: yes
configure:20979: checking for poll
configure:21036: gcc -o conftest -g -O2 -Wall   conftest.c  >&5
configure:21042: $? = 0
configure:21046: test -z 
			 || test ! -s conftest.err
configure:21049: $? = 0
configure:21052: test -s conftest
configure:21055: $? = 0
configure:21067: result: yes
configure:21311: checking for epoll_ctl
configure:21368: gcc -o conftest -g -O2 -Wall   conftest.c  >&5
Undefined symbols for architecture x86_64:
  "_epoll_ctl", referenced from:
      _main in conftest-35b509.o
      _f in conftest-35b509.o
ld: symbol(s) not found for architecture x86_64
clang: error: linker command failed with exit code 1 (use -v to see invocation)
configure:21374: $? = 1
configure: failed program was:
| /* confdefs.h.  */
| 
| #define PACKAGE_NAME ""
| #define PACKAGE_TARNAME ""
| #define PACKAGE_VERSION ""
| #define PACKAGE_STRING ""
| #define PACKAGE_BUGREPORT ""
| #define PACKAGE "libevent"
| #define VERSION "1.2"
| #define STDC_HEADERS 1
| #define HAVE_SYS_TYPES_H 1
| #define HAVE_SYS_STAT_H 1
| #define HAVE_STDLIB_H 1
| #define HAVE_STRING_H 1
| #define HAVE_MEMORY_H 1
| #define HAVE_STRINGS_H 1
| #define HAVE_INTTYPES_H 1
| #define HAVE_STDINT_H 1
| #define HAVE_UNISTD_H 1
| #define HAVE_DLFCN_H 1
| #ifdef __cplusplus
| extern "C" void exit (int);
| #endif
| #define STDC_HEADERS 1
| #define HAVE_FCNTL_H 1
| #define HAVE_STDARG_H 1
| #define HAVE_INTTYPES_H 1
| #define HAVE_STDINT_H 1
| #define HAVE_POLL_H 1
| #define HAVE_SIGNAL_H 1
| #define HAVE_UNISTD_H 1
| #define HAVE_SYS_TIME_H 1
| #define HAVE_SYS_QUEUE_H 1
| #define HAVE_SYS_EVENT_H 1
| #define HAVE_SYS_IOCTL_H 1
| #define HAVE_TAILQFOREACH 1
| #define HAVE_TIMERADD 1
| #define HAVE_TIMERCMP 1
| #define HAVE_TIMERCLEAR 1
| #define HAVE_TIMERISSET 1
| #define TIME_WITH_SYS_TIME 1
| #define HAVE_GETTIMEOFDAY 1
| #define HAVE_VASPRINTF 1
| #define HAVE_FCNTL 1
| #define HAVE_CLOCK_GETTIME 1
| #define HAVE_STRTOK_R 1
| #define HAVE_STRLCPY 1
| #define DNS_USE_CPU_CLOCK_FOR_ID 1
| #define HAVE_SETFD 1
| #define HAVE_SELECT 1
| #define HAVE_POLL 1
| /* end confdefs.h.  */
| /* Define epoll_ctl to an innocuous variant, in case <limits.h> declares epoll_ctl.
|    For example, HP-UX 11i <limits.h> declares gettimeofday.  */
| #define epoll_ctl innocuous_epoll_ctl
| 
| /* System header to define __stub macros and hopefully few prototypes,
|     which can conflict with char epoll_ctl (); below.
|     Prefer <limits.h> to <assert.h> if __STDC__ is defined, since
|     <limits.h> exists even on freestanding compilers.  */
| 
| #ifdef __STDC__
| # include <limits.h>
| #else
| # include <assert.h>
| #endif
| 
| #undef epoll_ctl
| 
| /* Override any gcc2 internal prototype to avoid an error.  */
| #ifdef __cplusplus
| extern "C"
| {
| #endif
| /* We use char because int might match the return type of a gcc2
|    builtin and then its argument prototype would still apply.  */
| char epoll_ctl ();
| /* The GNU C library defines this for functions which it implements
|     to always fail with ENOSYS.  Some functions are actually named
|     something starting with __ and the normal name is an alias.  */
| #if defined (__stub_epoll_ctl) || defined (__stub___epoll_ctl)
| choke me
| #else
| char (*f) () = epoll_ctl;
| #endif
| #ifdef __cplusplus
| }
| #endif
| 
| int
| main ()
| {
| return f != epoll_ctl;
|   ;
|   return 0;
| }
configure:21399: result: no
configure:21449: checking for kqueue
configure:21506: gcc -o conftest -g -O2 -Wall   conftest.c  >&5
configure:21512: $? = 0
configure:21516: test -z 
			 || test ! -s conftest.err
configure:21519: $? = 0
configure:21522: test -s conftest
configure:21525: $? = 0
configure:21537: result: yes
configure:21548: checking for working kqueue
configure:21607: gcc -o conftest -g -O2 -Wall   conftest.c  >&5
conftest.c:72:3: warning: implicitly declaring library function 'exit' with type 'void (int) __attribute__((noreturn))' [-Wimplicit-function-declaration]
                exit(1);
                ^
conftest.c:72:3: note: include the header <stdlib.h> or explicitly provide a declaration for 'exit'
1 warning generated.
configure:21610: $? = 0
configure:21612: ./conftest
configure:21615: $? = 0
configure:21617: result: yes
configure:21737: checking for port_create
configure:21794: gcc -o conftest -g -O2 -Wall   conftest.c  >&5
Undefined symbols for architecture x86_64:
  "_port_create", referenced from:
      _main in conftest-515170.o
      _f in conftest-515170.o
ld: symbol(s) not found for architecture x86_64
clang: error: linker command failed with exit code 1 (use -v to see invocation)
configure:21800: $? = 1
configure: failed program was:
| /* confdefs.h.  */
| 
| #define PACKAGE_NAME ""
| #define PACKAGE_TARNAME ""
| #define PACKAGE_VERSION ""
| #define PACKAGE_STRING ""
| #define PACKAGE_BUGREPORT ""
| #define PACKAGE "libevent"
| #define VERSION "1.2"
| #define STDC_HEADERS 1
| #define HAVE_SYS_TYPES_H 1
| #define HAVE_SYS_STAT_H 1
| #define HAVE_STDLIB_H 1
| #define HAVE_STRING_H 1
| #define HAVE_MEMORY_H 1
| #define HAVE_STRINGS_H 1
| #define HAVE_INTTYPES_H 1
| #define HAVE_STDINT_H 1
| #define HAVE_UNISTD_H 1
| #define HAVE_DLFCN_H 1
| #ifdef __cplusplus
| extern "C" void exit (int);
| #endif
| #define STDC_HEADERS 1
| #define HAVE_FCNTL_H 1
| #define HAVE_STDARG_H 1
| #define HAVE_INTTYPES_H 1
| #define HAVE_STDINT_H 1
| #define HAVE_POLL_H 1
| #define HAVE_SIGNAL_H 1
| #define HAVE_UNISTD_H 1
| #define HAVE_SYS_TIME_H 1
| #define HAVE_SYS_QUEUE_H 1
| #define HAVE_SYS_EVENT_H 1
| #define HAVE_SYS_IOCTL_H 1
| #define HAVE_TAILQFOREACH 1
| #define HAVE_TIMERADD 1
| #define HAVE_TIMERCMP 1
| #define HAVE_TIMERCLEAR 1
| #define HAVE_TIMERISSET 1
| #define TIME_WITH_SYS_TIME 1
| #define HAVE_GETTIMEOFDAY 1
| #define HAVE_VASPRINTF 1
| #define HAVE_FCNTL 1
| #define HAVE_CLOCK_GETTIME 1
| #define HAVE_STRTOK_R 1
| #define HAVE_STRLCPY 1
| #define DNS_USE_CPU_CLOCK_FOR_ID 1
| #define HAVE_SETFD 1
| #define HAVE_SELECT 1
| #define HAVE_POLL 1
| #define HAVE_KQUEUE 1
| #define HAVE_WORKING_KQUEUE 1
| /* end confdefs.h.  */
| /* Define port_create to an innocuous variant, in case <limits.h> declares port_create.
|    For example, HP-UX 11i <limits.h> declares gettimeofday.  */
| #define port_create innocuous_port_create
| 
| /* System header to define __stub macros and hopefully few prototypes,
|     which can conflict with char port_create (); below.
|     Prefer <limits.h> to <assert.h> if __STDC__ is defined, since
|     <limits.h> exists even on freestanding compilers.  */
| 
| #ifdef __STDC__
| # include <limits.h>
| #else
| # include <assert.h>
| #endif
| 
| #undef port_create
| 
| /* Override any gcc2 internal prototype to avoid an error.  */
| #ifdef __cplusplus
| extern "C"
| {
| #endif
| /* We use char because int might match the return type of a gcc2
|    builtin and then its argument prototype would still apply.  */
| char port_create ();
| /* The GNU C library defines this for functions which it implements
|     to always fail with ENOSYS.  Some functions are actually named
|     something starting with __ and the normal name is an alias.  */
| #if defined (__stub_port_create) || defined (__stub___port_create)
| choke me
| #else
| char (*f) () = port_create;
| #endif
| #ifdef __cplusplus
| }
| #endif
| 
| int
| main ()
| {
| return f != port_create;
|   ;
|   return 0;
| }
configure:21825: result: no
configure:21862: checking for pid_t
configure:21886: gcc -c -g -O2 -Wall  conftest.c >&5
configure:21892: $? = 0
configure:21896: test -z 
			 || test ! -s conftest.err
configure:21899: $? = 0
configure:21902: test -s conftest.o
configure:21905: $? = 0
configure:21916: result: yes
configure:21928: checking for size_t
configure:21952: gcc -c -g -O2 -Wall  conftest.c >&5
configure:21958: $? = 0
configure:21962: test -z 
			 || test ! -s conftest.err
configure:21965: $? = 0
configure:21968: test -s conftest.o
configure:21971: $? = 0
configure:21982: result: yes
configure:21994: checking for u_int64_t
configure:22018: gcc -c -g -O2 -Wall  conftest.c >&5
configure:22024: $? = 0
configure:22028: test -z 
			 || test ! -s conftest.err
configure:22031: $? = 0
configure:22034: test -s conftest.o
configure:22037: $? = 0
configure:22048: result: yes
configure:22060: checking for u_int32_t
configure:22084: gcc -c -g -O2 -Wall  conftest.c >&5
configure:22090: $? = 0
configure:22094: test -z 
			 || test ! -s conftest.err
configure:22097: $? = 0
configure:22100: test -s conftest.o
configure:22103: $? = 0
configure:22114: result: yes
configure:22126: checking for u_int16_t
configure:22150: gcc -c -g -O2 -Wall  conftest.c >&5
configure:22156: $? = 0
configure:22160: test -z 
			 || test ! -s conftest.err
configure:22163: $? = 0
configure:22166: test -s conftest.o
configure:22169: $? = 0
configure:22180: result: yes
configure:22192: checking for u_int8_t
configure:22216: gcc -c -g -O2 -Wall  conftest.c >&5
configure:22222: $? = 0
configure:22226: test -z 
			 || test ! -s conftest.err
configure:22229: $? = 0
configure:22232: test -s conftest.o
configure:22235: $? = 0
configure:22246: result: yes
configure:22259: checking for socklen_t
configure:22279: gcc -c -g -O2 -Wall  conftest.c >&5
conftest.c:61:11: warning: unused variable 'x' [-Wunused-variable]
socklen_t x;
          ^
1 warning generated.
configure:22285: $? = 0
configure:22289: test -z 
			 || test ! -s conftest.err
configure:22292: $? = 0
configure:22295: test -s conftest.o
configure:22298: $? = 0
configure:22300: result: yes
configure:22317: checking whether our compiler supports __func__
configure:22335: gcc -c -g -O2 -Wall  conftest.c >&5
conftest.c:59:12: error: function definition is not allowed here
void foo() { const char *cp = __func__; }
           ^
1 error generated.
configure:22341: $? = 1
configure: failed program was:
| /* confdefs.h.  */
| 
| #define PACKAGE_NAME ""
| #define PACKAGE_TARNAME ""
| #define PACKAGE_VERSION ""
| #define PACKAGE_STRING ""
| #define PACKAGE_BUGREPORT ""
| #define PACKAGE "libevent"
| #define VERSION "1.2"
| #define STDC_HEADERS 1
| #define HAVE_SYS_TYPES_H 1
| #define HAVE_SYS_STAT_H 1
| #define HAVE_STDLIB_H 1
| #define HAVE_STRING_H 1
| #define HAVE_MEMORY_H 1
| #define HAVE_STRINGS_H 1
| #define HAVE_INTTYPES_H 1
| #define HAVE_STDINT_H 1
| #define HAVE_UNISTD_H 1
| #define HAVE_DLFCN_H 1
| #ifdef __cplusplus
| extern "C" void exit (int);
| #endif
| #define STDC_HEADERS 1
| #define HAVE_FCNTL_H 1
| #define HAVE_STDARG_H 1
| #define HAVE_INTTYPES_H 1
| #define HAVE_STDINT_H 1
| #define HAVE_POLL_H 1
| #define HAVE_SIGNAL_H 1
| #define HAVE_UNISTD_H 1
| #define HAVE_SYS_TIME_H 1
| #define HAVE_SYS_QUEUE_H 1
| #define HAVE_SYS_EVENT_H 1
| #define HAVE_SYS_IOCTL_H 1
| #define HAVE_TAILQFOREACH 1
| #define HAVE_TIMERADD 1
| #define HAVE_TIMERCMP 1
| #define HAVE_TIMERCLEAR 1
| #define HAVE_TIMERISSET 1
| #define TIME_WITH_SYS_TIME 1
| #define HAVE_GETTIMEOFDAY 1
| #define HAVE_VASPRINTF 1
| #define HAVE_FCNTL 1
| #define HAVE_CLOCK_GETTIME 1
| #define HAVE_STRTOK_R 1
| #define HAVE_STRLCPY 1
| #define DNS_USE_CPU_CLOCK_FOR_ID 1
| #define HAVE_SETFD 1
| #define HAVE_SELECT 1
| #define HAVE_POLL 1
| #define HAVE_KQUEUE 1
| #define HAVE_WORKING_KQUEUE 1
| /* end confdefs.h.  */
| 
| int
| main ()
| {
| void foo() { const char *cp = __func__; }
|   ;
|   return 0;
| }
configure:22362: result: no
configure:22364: checking whether our compiler supports __FUNCTION__
configure:22382: gcc -c -g -O2 -Wall  conftest.c >&5
conftest.c:59:12: error: function definition is not allowed here
void foo() { const char *cp = __FUNCTION__; }
           ^
1 error generated.
configure:22388: $? = 1
configure: failed program was:
| /* confdefs.h.  */
| 
| #define PACKAGE_NAME ""
| #define PACKAGE_TARNAME ""
| #define PACKAGE_VERSION ""
| #define PACKAGE_STRING ""
| #define PACKAGE_BUGREPORT ""
| #define PACKAGE "libevent"
| #define VERSION "1.2"
| #define STDC_HEADERS 1
| #define HAVE_SYS_TYPES_H 1
| #define HAVE_SYS_STAT_H 1
| #define HAVE_STDLIB_H 1
| #define HAVE_STRING_H 1
| #define HAVE_MEMORY_H 1
| #define HAVE_STRINGS_H 1
| #define HAVE_INTTYPES_H 1
| #define HAVE_STDINT_H 1
| #define HAVE_UNISTD_H 1
| #define HAVE_DLFCN_H 1
| #ifdef __cplusplus
| extern "C" void exit (int);
| #endif
| #define STDC_HEADERS 1
| #define HAVE_FCNTL_H 1
| #define HAVE_STDARG_H 1
| #define HAVE_INTTYPES_H 1
| #define HAVE_STDINT_H 1
| #define HAVE_POLL_H 1
| #define HAVE_SIGNAL_H 1
| #define HAVE_UNISTD_H 1
| #define HAVE_SYS_TIME_H 1
| #define HAVE_SYS_QUEUE_H 1
| #define HAVE_SYS_EVENT_H 1
| #define HAVE_SYS_IOCTL_H 1
| #define HAVE_TAILQFOREACH 1
| #define HAVE_TIMERADD 1
| #define HAVE_TIMERCMP 1
| #define HAVE_TIMERCLEAR 1
| #define HAVE_TIMERISSET 1
| #define TIME_WITH_SYS_TIME 1
| #define HAVE_GETTIMEOFDAY 1
| #define HAVE_VASPRINTF 1
| #define HAVE_FCNTL 1
| #define HAVE_CLOCK_GETTIME 1
| #define HAVE_STRTOK_R 1
| #define HAVE_STRLCPY 1
| #define DNS_USE_CPU_CLOCK_FOR_ID 1
| #define HAVE_SETFD 1
| #define HAVE_SELECT 1
| #define HAVE_POLL 1
| #define HAVE_KQUEUE 1
| #define HAVE_WORKING_KQUEUE 1
| /* end confdefs.h.  */
| 
| int
| main ()
| {
| void foo() { const char *cp = __FUNCTION__; }
|   ;
|   return 0;
| }
configure:22414: result: no
configure:22558: creating ./config.status

## ---------------------- ##
## Running config.status. ##
## ---------------------- ##

This file was extended by config.status, which was
generated by GNU Autoconf 2.59.  Invocation command line was

  CONFIG_FILES    = 
  CONFIG_HEADERS  = 
  CONFIG_LINKS    = 
  CONFIG_COMMANDS = 
  $ ./config.status 

on wangchengyundeMacBook-Pro.local

config.status:720: creating Makefile
config.status:720: creating test/Makefile
config.status:720: creating sample/Makefile
config.status:824: creating config.h
config.status:1012: config.h is unchanged
config.status:1192: executing depfiles commands

## ---------------- ##
## Cache variables. ##
## ---------------- ##

ac_cv_build=i686-apple-darwin17.7.0
ac_cv_build_alias=i686-apple-darwin17.7.0
ac_cv_c_compiler_gnu=yes
ac_cv_c_const=yes
ac_cv_c_inline=inline
ac_cv_cxx_compiler_gnu=yes
ac_cv_env_CC_set=
ac_cv_env_CC_value=
ac_cv_env_CFLAGS_set=
ac_cv_env_CFLAGS_value=
ac_cv_env_CPPFLAGS_set=
ac_cv_env_CPPFLAGS_value=
ac_cv_env_CPP_set=
ac_cv_env_CPP_value=
ac_cv_env_CXXCPP_set=
ac_cv_env_CXXCPP_value=
ac_cv_env_CXXFLAGS_set=
ac_cv_env_CXXFLAGS_value=
ac_cv_env_CXX_set=
ac_cv_env_CXX_value=
ac_cv_env_F77_set=
ac_cv_env_F77_value=
ac_cv_env_FFLAGS_set=
ac_cv_env_FFLAGS_value=
ac_cv_env_LDFLAGS_set=
ac_cv_env_LDFLAGS_value=
ac_cv_env_build_alias_set=
ac_cv_env_build_alias_value=
ac_cv_env_host_alias_set=
ac_cv_env_host_alias_value=
ac_cv_env_target_alias_set=
ac_cv_env_target_alias_value=
ac_cv_exeext=
ac_cv_f77_compiler_gnu=yes
ac_cv_func_clock_gettime=yes
ac_cv_func_epoll_ctl=no
ac_cv_func_fcntl=yes
ac_cv_func_gettimeofday=yes
ac_cv_func_kqueue=yes
ac_cv_func_poll=yes
ac_cv_func_port_create=no
ac_cv_func_select=yes
ac_cv_func_strlcpy=yes
ac_cv_func_strtok_r=yes
ac_cv_func_vasprintf=yes
ac_cv_header_dlfcn_h=yes
ac_cv_header_fcntl_h=yes
ac_cv_header_inttypes_h=yes
ac_cv_header_memory_h=yes
ac_cv_header_poll_h=yes
ac_cv_header_port_h=no
ac_cv_header_signal_h=yes
ac_cv_header_stdarg_h=yes
ac_cv_header_stdc=yes
ac_cv_header_stdint_h=yes
ac_cv_header_stdlib_h=yes
ac_cv_header_string_h=yes
ac_cv_header_strings_h=yes
ac_cv_header_sys_devpoll_h=no
ac_cv_header_sys_epoll_h=no
ac_cv_header_sys_event_h=yes
ac_cv_header_sys_ioctl_h=yes
ac_cv_header_sys_queue_h=yes
ac_cv_header_sys_stat_h=yes
ac_cv_header_sys_time_h=yes
ac_cv_header_sys_types_h=yes
ac_cv_header_time=yes
ac_cv_header_unistd_h=yes
ac_cv_host=i686-apple-darwin17.7.0
ac_cv_host_alias=i686-apple-darwin17.7.0
ac_cv_lib_socket_socket=no
ac_cv_objext=o
ac_cv_path_install='/usr/bin/install -c'
ac_cv_prog_AWK=awk
ac_cv_prog_CPP='gcc -E'
ac_cv_prog_CXXCPP='g++ -E'
ac_cv_prog_ac_ct_AR=ar
ac_cv_prog_ac_ct_CC=gcc
ac_cv_prog_ac_ct_CXX=g++
ac_cv_prog_ac_ct_F77=gfortran
ac_cv_prog_ac_ct_RANLIB=ranlib
ac_cv_prog_ac_ct_STRIP=strip
ac_cv_prog_cc_g=yes
ac_cv_prog_cc_stdc=
ac_cv_prog_cxx_g=yes
ac_cv_prog_egrep='grep -E'
ac_cv_prog_f77_g=yes
ac_cv_prog_gcc_traditional=no
ac_cv_prog_make_make_set=yes
ac_cv_type_pid_t=yes
ac_cv_type_size_t=yes
ac_cv_type_u_int16_t=yes
ac_cv_type_u_int32_t=yes
ac_cv_type_u_int64_t=yes
ac_cv_type_u_int8_t=yes
am_cv_CC_dependencies_compiler_type=none
am_cv_CXX_dependencies_compiler_type=none
lt_cv_deplibs_check_method=pass_all
lt_cv_file_magic_cmd='$MAGIC_CMD'
lt_cv_file_magic_test_file=
lt_cv_ld_reload_flag=-r
lt_cv_objdir=.libs
lt_cv_path_LD=/Applications/Xcode.app/Contents/Developer/Toolchains/XcodeDefault.xctoolchain/usr/bin/ld
lt_cv_path_LDCXX=/Applications/Xcode.app/Contents/Developer/Toolchains/XcodeDefault.xctoolchain/usr/bin/ld
lt_cv_path_NM='/usr/bin/nm -B'
lt_cv_path_SED=/usr/bin/sed
lt_cv_prog_compiler_c_o=yes
lt_cv_prog_compiler_c_o_CXX=yes
lt_cv_prog_compiler_c_o_F77=yes
lt_cv_prog_compiler_rtti_exceptions=yes
lt_cv_prog_gnu_ld=no
lt_cv_prog_gnu_ldcxx=no
lt_cv_sys_global_symbol_pipe='sed -n -e '\''s/^.*[ 	]\([BCDEGRST][BCDEGRST]*\)[ 	][ 	]*_\([_A-Za-z][_A-Za-z0-9]*\)$/\1 _\2 \2/p'\'''
lt_cv_sys_global_symbol_to_c_name_address='sed -n -e '\''s/^: \([^ ]*\) $/  {\"\1\", (lt_ptr) 0},/p'\'' -e '\''s/^[BCDEGRST] \([^ ]*\) \([^ ]*\)$/  {"\2", (lt_ptr) \&\2},/p'\'''
lt_cv_sys_global_symbol_to_cdecl='sed -n -e '\''s/^. .* \(.*\)$/extern int \1;/p'\'''
lt_cv_sys_max_cmd_len=196608
lt_lt_cv_prog_compiler_c_o='"yes"'
lt_lt_cv_prog_compiler_c_o_CXX='"yes"'
lt_lt_cv_prog_compiler_c_o_F77='"yes"'
lt_lt_cv_sys_global_symbol_pipe='"sed -n -e '\''s/^.*[ 	]\\([BCDEGRST][BCDEGRST]*\\)[ 	][ 	]*_\\([_A-Za-z][_A-Za-z0-9]*\\)\$/\\1 _\\2 \\2/p'\''"'
lt_lt_cv_sys_global_symbol_to_c_name_address='"sed -n -e '\''s/^: \\([^ ]*\\) \$/  {\\\"\\1\\\", (lt_ptr) 0},/p'\'' -e '\''s/^[BCDEGRST] \\([^ ]*\\) \\([^ ]*\\)\$/  {\"\\2\", (lt_ptr) \\&\\2},/p'\''"'
lt_lt_cv_sys_global_symbol_to_cdecl='"sed -n -e '\''s/^. .* \\(.*\\)\$/extern int \\1;/p'\''"'

## ----------------- ##
## Output variables. ##
## ----------------- ##

ACLOCAL='${SHELL} /Users/wangchengyun/work/research/language/c_plus_plus/net/libevent-1.2/missing --run aclocal-1.8'
AMDEPBACKSLASH='\'
AMDEP_FALSE='#'
AMDEP_TRUE=''
AMTAR='${SHELL} /Users/wangchengyun/work/research/language/c_plus_plus/net/libevent-1.2/missing --run tar'
AR='ar'
AUTOCONF='${SHELL} /Users/wangchengyun/work/research/language/c_plus_plus/net/libevent-1.2/missing --run autoconf'
AUTOHEADER='${SHELL} /Users/wangchengyun/work/research/language/c_plus_plus/net/libevent-1.2/missing --run autoheader'
AUTOMAKE='${SHELL} /Users/wangchengyun/work/research/language/c_plus_plus/net/libevent-1.2/missing --run automake-1.8'
AWK='awk'
BUILD_WIN32_FALSE=''
BUILD_WIN32_TRUE='#'
CC='gcc'
CCDEPMODE='depmode=none'
CFLAGS='-g -O2 -Wall'
CPP='gcc -E'
CPPFLAGS=''
CXX='g++'
CXXCPP='g++ -E'
CXXDEPMODE='depmode=none'
CXXFLAGS='-g -O2'
CYGPATH_W='echo'
DEFS='-DHAVE_CONFIG_H'
DEPDIR='.deps'
ECHO='/bin/echo'
ECHO_C='ECHO_N=''
ECHO_T=''
EGREP='grep -E'
EXEEXT=''
F77='gfortran'
FFLAGS='-g -O2'
INSTALL_DATA='${INSTALL} -m 644'
INSTALL_PROGRAM='${INSTALL}'
INSTALL_SCRIPT='${INSTALL}'
INSTALL_STRIP_PROGRAM='${SHELL} $(install_sh) -c -s'
LDFLAGS=''
LIBOBJS=' select$U.o poll$U.o kqueue$U.o signal$U.o'
LIBS=''
LIBTOOL='$(SHELL) $(top_builddir)/libtool'
LIBTOOL_DEPS='./ltmain.sh'
LN_S='ln -s'
LTLIBOBJS=' select$U.lo poll$U.lo kqueue$U.lo signal$U.lo'
MAINT='#'
MAINTAINER_MODE_FALSE=''
MAINTAINER_MODE_TRUE='#'
MAKEINFO='${SHELL} /Users/wangchengyun/work/research/language/c_plus_plus/net/libevent-1.2/missing --run makeinfo'
OBJEXT='o'
PACKAGE='libevent'
PACKAGE_BUGREPORT=''
PACKAGE_NAME=''
PACKAGE_STRING=''
PACKAGE_TARNAME=''
PACKAGE_VERSION=''
PATH_SEPARATOR=':'
RANLIB='ranlib'
SET_MAKE=''
SHELL='/bin/sh'
STRIP='strip'
VERSION='1.2'
ac_ct_AR='ar'
ac_ct_CC='gcc'
ac_ct_CXX='g++'
ac_ct_F77='gfortran'
ac_ct_RANLIB='ranlib'
ac_ct_STRIP='strip'
am__fastdepCC_FALSE=''
am__fastdepCC_TRUE='#'
am__fastdepCXX_FALSE=''
am__fastdepCXX_TRUE='#'
am__include='include'
am__leading_dot='.'
am__quote=''
bindir='${exec_prefix}/bin'
build='i686-apple-darwin17.7.0'
build_alias=''
build_cpu='i686'
build_os='darwin17.7.0'
build_vendor='apple'
datadir='${prefix}/share'
exec_prefix='${prefix}'
host='i686-apple-darwin17.7.0'
host_alias=''
host_cpu='i686'
host_os='darwin17.7.0'
host_vendor='apple'
includedir='${prefix}/include'
infodir='${prefix}/info'
install_sh='/Users/wangchengyun/work/research/language/c_plus_plus/net/libevent-1.2/install-sh'
libdir='${exec_prefix}/lib'
libexecdir='${exec_prefix}/libexec'
localstatedir='${prefix}/var'
mandir='${prefix}/man'
mkdir_p='$(mkinstalldirs)'
oldincludedir='/usr/include'
prefix='/usr/local/libevent-1.2'
program_transform_name='s,x,x,'
sbindir='${exec_prefix}/sbin'
sharedstatedir='${prefix}/com'
sysconfdir='${prefix}/etc'
target_alias=''

## ----------- ##
## confdefs.h. ##
## ----------- ##

#define DNS_USE_CPU_CLOCK_FOR_ID 1
#define HAVE_CLOCK_GETTIME 1
#define HAVE_DLFCN_H 1
#define HAVE_FCNTL 1
#define HAVE_FCNTL_H 1
#define HAVE_GETTIMEOFDAY 1
#define HAVE_INTTYPES_H 1
#define HAVE_INTTYPES_H 1
#define HAVE_KQUEUE 1
#define HAVE_MEMORY_H 1
#define HAVE_POLL 1
#define HAVE_POLL_H 1
#define HAVE_SELECT 1
#define HAVE_SETFD 1
#define HAVE_SIGNAL_H 1
#define HAVE_STDARG_H 1
#define HAVE_STDINT_H 1
#define HAVE_STDINT_H 1
#define HAVE_STDLIB_H 1
#define HAVE_STRINGS_H 1
#define HAVE_STRING_H 1
#define HAVE_STRLCPY 1
#define HAVE_STRTOK_R 1
#define HAVE_SYS_EVENT_H 1
#define HAVE_SYS_IOCTL_H 1
#define HAVE_SYS_QUEUE_H 1
#define HAVE_SYS_STAT_H 1
#define HAVE_SYS_TIME_H 1
#define HAVE_SYS_TYPES_H 1
#define HAVE_TAILQFOREACH 1
#define HAVE_TIMERADD 1
#define HAVE_TIMERCLEAR 1
#define HAVE_TIMERCMP 1
#define HAVE_TIMERISSET 1
#define HAVE_UNISTD_H 1
#define HAVE_UNISTD_H 1
#define HAVE_VASPRINTF 1
#define HAVE_WORKING_KQUEUE 1
#define PACKAGE "libevent"
#define PACKAGE_BUGREPORT ""
#define PACKAGE_NAME ""
#define PACKAGE_STRING ""
#define PACKAGE_TARNAME ""
#define PACKAGE_VERSION ""
#define STDC_HEADERS 1
#define STDC_HEADERS 1
#define TIME_WITH_SYS_TIME 1
#define VERSION "1.2"
#define __func__ __FILE__
#endif
#ifdef __cplusplus
extern "C" void exit (int);

configure: exit 0
